2025-06-10T07:46:17.293-06:00  INFO 17312 --- [product-api-backend-springboot] [main] ductApiBackendSpringbootApplicationTests : Starting ProductApiBackendSpringbootApplicationTests using Java 24 with PID 17312 (started by noxan in C:\SpringBootProjects\Spring-Boot-API\backend\product-api-backend-springboot)
2025-06-10T07:46:17.307-06:00  INFO 17312 --- [product-api-backend-springboot] [main] ductApiBackendSpringbootApplicationTests : No active profile set, falling back to 1 default profile: "default"
2025-06-10T07:46:18.245-06:00  INFO 17312 --- [product-api-backend-springboot] [main] .s.d.r.c.RepositoryConfigurationDelegate : Bootstrapping Spring Data JPA repositories in DEFAULT mode.
2025-06-10T07:46:18.333-06:00  INFO 17312 --- [product-api-backend-springboot] [main] .s.d.r.c.RepositoryConfigurationDelegate : Finished Spring Data repository scanning in 75 ms. Found 2 JPA repository interfaces.
2025-06-10T07:46:19.122-06:00  INFO 17312 --- [product-api-backend-springboot] [main] o.hibernate.jpa.internal.util.LogHelper  : HHH000204: Processing PersistenceUnitInfo [name: default]
2025-06-10T07:46:19.241-06:00  INFO 17312 --- [product-api-backend-springboot] [main] org.hibernate.Version                    : HHH000412: Hibernate ORM core version 6.6.15.Final
2025-06-10T07:46:19.307-06:00  INFO 17312 --- [product-api-backend-springboot] [main] o.h.c.internal.RegionFactoryInitiator    : HHH000026: Second-level cache disabled
2025-06-10T07:46:19.542-06:00  INFO 17312 --- [product-api-backend-springboot] [main] o.s.o.j.p.SpringPersistenceUnitInfo      : No LoadTimeWeaver setup: ignoring JPA class transformer
2025-06-10T07:46:19.587-06:00  INFO 17312 --- [product-api-backend-springboot] [main] com.zaxxer.hikari.HikariDataSource       : HikariPool-1 - Starting...
2025-06-10T07:46:20.127-06:00  INFO 17312 --- [product-api-backend-springboot] [main] com.zaxxer.hikari.pool.HikariPool        : HikariPool-1 - Added connection com.mysql.cj.jdbc.ConnectionImpl@4d793390
2025-06-10T07:46:20.130-06:00  INFO 17312 --- [product-api-backend-springboot] [main] com.zaxxer.hikari.HikariDataSource       : HikariPool-1 - Start completed.
2025-06-10T07:46:20.263-06:00  INFO 17312 --- [product-api-backend-springboot] [main] org.hibernate.orm.connections.pooling    : HHH10001005: Database info:
	Database JDBC URL [Connecting through datasource 'HikariDataSource (HikariPool-1)']
	Database driver: undefined/unknown
	Database version: 8.0.31
	Autocommit mode: undefined/unknown
	Isolation level: undefined/unknown
	Minimum pool size: undefined/unknown
	Maximum pool size: undefined/unknown
2025-06-10T07:46:21.358-06:00  INFO 17312 --- [product-api-backend-springboot] [main] o.h.e.t.j.p.i.JtaPlatformInitiator       : HHH000489: No JTA platform available (set 'hibernate.transaction.jta.platform' to enable JTA platform integration)
2025-06-10T07:46:21.467-06:00  INFO 17312 --- [product-api-backend-springboot] [main] j.LocalContainerEntityManagerFactoryBean : Initialized JPA EntityManagerFactory for persistence unit 'default'
2025-06-10T07:46:22.052-06:00  INFO 17312 --- [product-api-backend-springboot] [main] o.s.d.j.r.query.QueryEnhancerFactory     : Hibernate is in classpath; If applicable, HQL parser will be used.
2025-06-10T07:46:23.344-06:00  WARN 17312 --- [product-api-backend-springboot] [main] JpaBaseConfiguration$JpaWebConfiguration : spring.jpa.open-in-view is enabled by default. Therefore, database queries may be performed during view rendering. Explicitly configure spring.jpa.open-in-view to disable this warning
2025-06-10T07:46:23.982-06:00  INFO 17312 --- [product-api-backend-springboot] [main] ductApiBackendSpringbootApplicationTests : Started ProductApiBackendSpringbootApplicationTests in 7.207 seconds (process running for 10.843)
2025-06-10T07:46:24.036-06:00 ERROR 17312 --- [product-api-backend-springboot] [main] c.e.p.p.e.InvalidProductException        : Exception: class com.example.product_api_backend_springboot.product.exceptions.InvalidProductException thrown
2025-06-10T07:46:24.038-06:00  INFO 17312 --- [product-api-backend-springboot] [main] c.e.p.p.s.commands.CreateProductService  : Executing class com.example.product_api_backend_springboot.product.services.commands.CreateProductService product: ProductRequest(name=Dark souls 1, description=Best game, price=19.99, manufacturer=From Software, category=Electronics, region=US)
2025-06-10T07:46:24.044-06:00  INFO 17312 --- [product-api-backend-springboot] [main] c.e.p.p.s.commands.CreateProductService  : Executing class com.example.product_api_backend_springboot.product.services.commands.CreateProductService product: ProductRequest(name=Dark souls 1, description=Best game, price=19.99, manufacturer=From Software, category=Electronics, region=US)
2025-06-10T07:46:24.049-06:00 ERROR 17312 --- [product-api-backend-springboot] [main] c.e.p.p.e.InvalidProductException        : Exception: class com.example.product_api_backend_springboot.product.exceptions.InvalidProductException thrown
2025-06-10T07:46:24.051-06:00  INFO 17312 --- [product-api-backend-springboot] [main] c.e.p.p.s.commands.CreateProductService  : Executing class com.example.product_api_backend_springboot.product.services.commands.CreateProductService product: ProductRequest(name=Dark souls 1, description=Best game, price=19.99, manufacturer=From Software, category=Electronics, region=US)
2025-06-10T07:46:24.058-06:00  INFO 17312 --- [product-api-backend-springboot] [main] c.e.p.p.s.commands.CreateProductService  : Executing class com.example.product_api_backend_springboot.product.services.commands.CreateProductService product: ProductRequest(name=Dark souls 1, description=Best game, price=19.99, manufacturer=From Software, category=Electronics, region=US)
2025-06-10T07:46:24.095-06:00 ERROR 17312 --- [product-api-backend-springboot] [main] c.e.p.p.e.InvalidProductException        : Exception: class com.example.product_api_backend_springboot.product.exceptions.InvalidProductException thrown
2025-06-10T07:46:24.098-06:00 ERROR 17312 --- [product-api-backend-springboot] [main] c.e.p.p.e.InvalidProductException        : Exception: class com.example.product_api_backend_springboot.product.exceptions.InvalidProductException thrown
2025-06-10T07:46:24.101-06:00 ERROR 17312 --- [product-api-backend-springboot] [main] c.e.p.p.e.InvalidProductException        : Exception: class com.example.product_api_backend_springboot.product.exceptions.InvalidProductException thrown
2025-06-10T07:46:24.108-06:00 ERROR 17312 --- [product-api-backend-springboot] [main] c.e.p.p.e.InvalidProductException        : Exception: class com.example.product_api_backend_springboot.product.exceptions.InvalidProductException thrown
2025-06-10T07:46:24.113-06:00 ERROR 17312 --- [product-api-backend-springboot] [main] c.e.p.p.e.InvalidProductException        : Exception: class com.example.product_api_backend_springboot.product.exceptions.InvalidProductException thrown
2025-06-10T07:46:24.116-06:00 ERROR 17312 --- [product-api-backend-springboot] [main] c.e.p.p.e.InvalidProductException        : Exception: class com.example.product_api_backend_springboot.product.exceptions.InvalidProductException thrown
2025-06-10T07:46:24.120-06:00 ERROR 17312 --- [product-api-backend-springboot] [main] c.e.p.p.e.InvalidProductException        : Exception: class com.example.product_api_backend_springboot.product.exceptions.InvalidProductException thrown
2025-06-10T07:46:24.125-06:00  INFO 17312 --- [product-api-backend-springboot] [main] c.e.p.p.s.queries.GetProductService      : Executing class com.example.product_api_backend_springboot.product.services.queries.GetProductServiceinput: 1
2025-06-10T07:46:24.129-06:00  INFO 17312 --- [product-api-backend-springboot] [main] c.e.p.p.s.queries.GetProductService      : Executing class com.example.product_api_backend_springboot.product.services.queries.GetProductServiceinput: 1
2025-06-10T07:46:24.129-06:00 ERROR 17312 --- [product-api-backend-springboot] [main] c.e.p.p.e.ProductNotFoundException       : Exception class com.example.product_api_backend_springboot.product.exceptions.ProductNotFoundException thrown
2025-06-10T07:46:24.144-06:00  INFO 17312 --- [product-api-backend-springboot] [main] c.e.p.p.s.q.GetProductsBySearchService   : GetProductsBySearchService query: GetProductsQuery(region=null, category=null, nameOrDescription=null, productSortBy=null)
2025-06-10T07:46:24.150-06:00  INFO 17312 --- [product-api-backend-springboot] [main] c.e.p.p.s.q.GetProductsBySearchService   : GetProductsBySearchService query: GetProductsQuery(region=null, category=null, nameOrDescription=null, productSortBy=null)
2025-06-10T07:46:24.165-06:00  INFO 17312 --- [product-api-backend-springboot] [main] c.e.p.c.s.queries.GetCategoriesService   : Executing class com.example.product_api_backend_springboot.category.services.queries.GetCategoriesService
2025-06-10T07:46:24.169-06:00  INFO 17312 --- [product-api-backend-springboot] [main] c.e.p.c.s.queries.GetCategoriesService   : Executing class com.example.product_api_backend_springboot.category.services.queries.GetCategoriesService
2025-06-10T07:46:24.174-06:00  INFO 17312 --- [product-api-backend-springboot] [main] c.e.p.p.s.queries.GetProductsService     : Executing class com.example.product_api_backend_springboot.product.services.queries.GetProductsService
2025-06-10T07:46:24.179-06:00  INFO 17312 --- [product-api-backend-springboot] [main] c.e.p.p.s.queries.GetProductsService     : Executing class com.example.product_api_backend_springboot.product.services.queries.GetProductsService
2025-06-10T07:46:24.187-06:00  INFO 17312 --- [product-api-backend-springboot] [SpringApplicationShutdownHook] j.LocalContainerEntityManagerFactoryBean : Closing JPA EntityManagerFactory for persistence unit 'default'
2025-06-10T07:46:24.192-06:00  INFO 17312 --- [product-api-backend-springboot] [SpringApplicationShutdownHook] com.zaxxer.hikari.HikariDataSource       : HikariPool-1 - Shutdown initiated...
2025-06-10T07:46:24.205-06:00  INFO 17312 --- [product-api-backend-springboot] [SpringApplicationShutdownHook] com.zaxxer.hikari.HikariDataSource       : HikariPool-1 - Shutdown completed.
2025-06-10T07:52:20.775-06:00  INFO 15172 --- [product-api-backend-springboot] [main] p.ProductApiBackendSpringbootApplication : Starting ProductApiBackendSpringbootApplication using Java 24 with PID 15172 (C:\SpringBootProjects\Spring-Boot-API\backend\product-api-backend-springboot\target\classes started by noxan in C:\SpringBootProjects\Spring-Boot-API\backend\product-api-backend-springboot)
2025-06-10T07:52:20.779-06:00  INFO 15172 --- [product-api-backend-springboot] [main] p.ProductApiBackendSpringbootApplication : No active profile set, falling back to 1 default profile: "default"
2025-06-10T07:52:21.790-06:00  INFO 15172 --- [product-api-backend-springboot] [main] .s.d.r.c.RepositoryConfigurationDelegate : Bootstrapping Spring Data JPA repositories in DEFAULT mode.
2025-06-10T07:52:21.910-06:00  INFO 15172 --- [product-api-backend-springboot] [main] .s.d.r.c.RepositoryConfigurationDelegate : Finished Spring Data repository scanning in 104 ms. Found 2 JPA repository interfaces.
2025-06-10T07:52:22.791-06:00  INFO 15172 --- [product-api-backend-springboot] [main] o.s.b.w.embedded.tomcat.TomcatWebServer  : Tomcat initialized with port 8080 (http)
2025-06-10T07:52:22.811-06:00  INFO 15172 --- [product-api-backend-springboot] [main] o.apache.catalina.core.StandardService   : Starting service [Tomcat]
2025-06-10T07:52:22.811-06:00  INFO 15172 --- [product-api-backend-springboot] [main] o.apache.catalina.core.StandardEngine    : Starting Servlet engine: [Apache Tomcat/10.1.41]
2025-06-10T07:52:22.883-06:00  INFO 15172 --- [product-api-backend-springboot] [main] o.a.c.c.C.[Tomcat].[localhost].[/]       : Initializing Spring embedded WebApplicationContext
2025-06-10T07:52:22.884-06:00  INFO 15172 --- [product-api-backend-springboot] [main] w.s.c.ServletWebServerApplicationContext : Root WebApplicationContext: initialization completed in 2029 ms
2025-06-10T07:52:23.182-06:00  INFO 15172 --- [product-api-backend-springboot] [main] o.hibernate.jpa.internal.util.LogHelper  : HHH000204: Processing PersistenceUnitInfo [name: default]
2025-06-10T07:52:23.264-06:00  INFO 15172 --- [product-api-backend-springboot] [main] org.hibernate.Version                    : HHH000412: Hibernate ORM core version 6.6.15.Final
2025-06-10T07:52:23.335-06:00  INFO 15172 --- [product-api-backend-springboot] [main] o.h.c.internal.RegionFactoryInitiator    : HHH000026: Second-level cache disabled
2025-06-10T07:52:23.768-06:00  INFO 15172 --- [product-api-backend-springboot] [main] o.s.o.j.p.SpringPersistenceUnitInfo      : No LoadTimeWeaver setup: ignoring JPA class transformer
2025-06-10T07:52:23.817-06:00  INFO 15172 --- [product-api-backend-springboot] [main] com.zaxxer.hikari.HikariDataSource       : HikariPool-1 - Starting...
2025-06-10T07:52:24.303-06:00  INFO 15172 --- [product-api-backend-springboot] [main] com.zaxxer.hikari.pool.HikariPool        : HikariPool-1 - Added connection com.mysql.cj.jdbc.ConnectionImpl@68f776ee
2025-06-10T07:52:24.305-06:00  INFO 15172 --- [product-api-backend-springboot] [main] com.zaxxer.hikari.HikariDataSource       : HikariPool-1 - Start completed.
2025-06-10T07:52:24.434-06:00  INFO 15172 --- [product-api-backend-springboot] [main] org.hibernate.orm.connections.pooling    : HHH10001005: Database info:
	Database JDBC URL [Connecting through datasource 'HikariDataSource (HikariPool-1)']
	Database driver: undefined/unknown
	Database version: 8.0.31
	Autocommit mode: undefined/unknown
	Isolation level: undefined/unknown
	Minimum pool size: undefined/unknown
	Maximum pool size: undefined/unknown
2025-06-10T07:52:25.456-06:00  INFO 15172 --- [product-api-backend-springboot] [main] o.h.e.t.j.p.i.JtaPlatformInitiator       : HHH000489: No JTA platform available (set 'hibernate.transaction.jta.platform' to enable JTA platform integration)
2025-06-10T07:52:25.532-06:00  INFO 15172 --- [product-api-backend-springboot] [main] j.LocalContainerEntityManagerFactoryBean : Initialized JPA EntityManagerFactory for persistence unit 'default'
2025-06-10T07:52:26.036-06:00  INFO 15172 --- [product-api-backend-springboot] [main] o.s.d.j.r.query.QueryEnhancerFactory     : Hibernate is in classpath; If applicable, HQL parser will be used.
2025-06-10T07:52:27.054-06:00  WARN 15172 --- [product-api-backend-springboot] [main] JpaBaseConfiguration$JpaWebConfiguration : spring.jpa.open-in-view is enabled by default. Therefore, database queries may be performed during view rendering. Explicitly configure spring.jpa.open-in-view to disable this warning
2025-06-10T07:52:27.552-06:00  INFO 15172 --- [product-api-backend-springboot] [main] o.s.b.w.embedded.tomcat.TomcatWebServer  : Tomcat started on port 8080 (http) with context path '/'
2025-06-10T07:52:27.563-06:00  INFO 15172 --- [product-api-backend-springboot] [main] p.ProductApiBackendSpringbootApplication : Started ProductApiBackendSpringbootApplication in 7.569 seconds (process running for 8.143)
2025-06-10T07:54:40.598-06:00  INFO 15172 --- [product-api-backend-springboot] [http-nio-8080-exec-3] o.a.c.c.C.[Tomcat].[localhost].[/]       : Initializing Spring DispatcherServlet 'dispatcherServlet'
2025-06-10T07:54:40.599-06:00  INFO 15172 --- [product-api-backend-springboot] [http-nio-8080-exec-3] o.s.web.servlet.DispatcherServlet        : Initializing Servlet 'dispatcherServlet'
2025-06-10T07:54:40.601-06:00  INFO 15172 --- [product-api-backend-springboot] [http-nio-8080-exec-3] o.s.web.servlet.DispatcherServlet        : Completed initialization in 1 ms
2025-06-10T07:54:40.659-06:00  INFO 15172 --- [product-api-backend-springboot] [http-nio-8080-exec-3] c.e.p.p.s.commands.DeleteProductService  : Executing class com.example.product_api_backend_springboot.product.services.commands.DeleteProductService id: dcc6b522-d959-48fb-b359-c57c2a3b464f
2025-06-10T07:54:50.259-06:00  INFO 15172 --- [product-api-backend-springboot] [http-nio-8080-exec-4] c.e.p.p.s.commands.DeleteProductService  : Executing class com.example.product_api_backend_springboot.product.services.commands.DeleteProductService id: d1
2025-06-10T07:54:50.267-06:00 ERROR 15172 --- [product-api-backend-springboot] [http-nio-8080-exec-4] c.e.p.p.e.ProductNotFoundException       : Exception class com.example.product_api_backend_springboot.product.exceptions.ProductNotFoundException thrown
2025-06-10T07:55:08.090-06:00  INFO 15172 --- [product-api-backend-springboot] [SpringApplicationShutdownHook] o.s.b.w.e.tomcat.GracefulShutdown        : Commencing graceful shutdown. Waiting for active requests to complete
2025-06-10T07:55:08.109-06:00  INFO 15172 --- [product-api-backend-springboot] [tomcat-shutdown] o.s.b.w.e.tomcat.GracefulShutdown        : Graceful shutdown complete
2025-06-10T07:55:08.112-06:00  INFO 15172 --- [product-api-backend-springboot] [SpringApplicationShutdownHook] j.LocalContainerEntityManagerFactoryBean : Closing JPA EntityManagerFactory for persistence unit 'default'
2025-06-10T07:55:08.115-06:00  INFO 15172 --- [product-api-backend-springboot] [SpringApplicationShutdownHook] com.zaxxer.hikari.HikariDataSource       : HikariPool-1 - Shutdown initiated...
2025-06-10T07:55:08.122-06:00  INFO 15172 --- [product-api-backend-springboot] [SpringApplicationShutdownHook] com.zaxxer.hikari.HikariDataSource       : HikariPool-1 - Shutdown completed.
2025-06-10T08:02:09.505-06:00  INFO 14956 --- [product-api-backend-springboot] [main] ductApiBackendSpringbootApplicationTests : Starting ProductApiBackendSpringbootApplicationTests using Java 24 with PID 14956 (started by noxan in C:\SpringBootProjects\Spring-Boot-API\backend\product-api-backend-springboot)
2025-06-10T08:02:09.507-06:00  INFO 14956 --- [product-api-backend-springboot] [main] ductApiBackendSpringbootApplicationTests : No active profile set, falling back to 1 default profile: "default"
2025-06-10T08:02:10.373-06:00  INFO 14956 --- [product-api-backend-springboot] [main] .s.d.r.c.RepositoryConfigurationDelegate : Bootstrapping Spring Data JPA repositories in DEFAULT mode.
2025-06-10T08:02:10.464-06:00  INFO 14956 --- [product-api-backend-springboot] [main] .s.d.r.c.RepositoryConfigurationDelegate : Finished Spring Data repository scanning in 77 ms. Found 2 JPA repository interfaces.
2025-06-10T08:02:11.171-06:00  INFO 14956 --- [product-api-backend-springboot] [main] o.hibernate.jpa.internal.util.LogHelper  : HHH000204: Processing PersistenceUnitInfo [name: default]
2025-06-10T08:02:11.264-06:00  INFO 14956 --- [product-api-backend-springboot] [main] org.hibernate.Version                    : HHH000412: Hibernate ORM core version 6.6.15.Final
2025-06-10T08:02:11.308-06:00  INFO 14956 --- [product-api-backend-springboot] [main] o.h.c.internal.RegionFactoryInitiator    : HHH000026: Second-level cache disabled
2025-06-10T08:02:11.539-06:00  INFO 14956 --- [product-api-backend-springboot] [main] o.s.o.j.p.SpringPersistenceUnitInfo      : No LoadTimeWeaver setup: ignoring JPA class transformer
2025-06-10T08:02:11.595-06:00  INFO 14956 --- [product-api-backend-springboot] [main] com.zaxxer.hikari.HikariDataSource       : HikariPool-1 - Starting...
2025-06-10T08:02:12.117-06:00  INFO 14956 --- [product-api-backend-springboot] [main] com.zaxxer.hikari.pool.HikariPool        : HikariPool-1 - Added connection com.mysql.cj.jdbc.ConnectionImpl@59aba3c3
2025-06-10T08:02:12.120-06:00  INFO 14956 --- [product-api-backend-springboot] [main] com.zaxxer.hikari.HikariDataSource       : HikariPool-1 - Start completed.
2025-06-10T08:02:12.258-06:00  INFO 14956 --- [product-api-backend-springboot] [main] org.hibernate.orm.connections.pooling    : HHH10001005: Database info:
	Database JDBC URL [Connecting through datasource 'HikariDataSource (HikariPool-1)']
	Database driver: undefined/unknown
	Database version: 8.0.31
	Autocommit mode: undefined/unknown
	Isolation level: undefined/unknown
	Minimum pool size: undefined/unknown
	Maximum pool size: undefined/unknown
2025-06-10T08:02:13.214-06:00  INFO 14956 --- [product-api-backend-springboot] [main] o.h.e.t.j.p.i.JtaPlatformInitiator       : HHH000489: No JTA platform available (set 'hibernate.transaction.jta.platform' to enable JTA platform integration)
2025-06-10T08:02:13.312-06:00  INFO 14956 --- [product-api-backend-springboot] [main] j.LocalContainerEntityManagerFactoryBean : Initialized JPA EntityManagerFactory for persistence unit 'default'
2025-06-10T08:02:13.851-06:00  INFO 14956 --- [product-api-backend-springboot] [main] o.s.d.j.r.query.QueryEnhancerFactory     : Hibernate is in classpath; If applicable, HQL parser will be used.
2025-06-10T08:02:15.070-06:00  WARN 14956 --- [product-api-backend-springboot] [main] JpaBaseConfiguration$JpaWebConfiguration : spring.jpa.open-in-view is enabled by default. Therefore, database queries may be performed during view rendering. Explicitly configure spring.jpa.open-in-view to disable this warning
2025-06-10T08:02:15.601-06:00  INFO 14956 --- [product-api-backend-springboot] [main] ductApiBackendSpringbootApplicationTests : Started ProductApiBackendSpringbootApplicationTests in 6.615 seconds (process running for 10.116)
2025-06-10T08:02:15.651-06:00 ERROR 14956 --- [product-api-backend-springboot] [main] c.e.p.p.e.InvalidProductException        : Exception: class com.example.product_api_backend_springboot.product.exceptions.InvalidProductException thrown
2025-06-10T08:02:15.653-06:00  INFO 14956 --- [product-api-backend-springboot] [main] c.e.p.p.s.commands.CreateProductService  : Executing class com.example.product_api_backend_springboot.product.services.commands.CreateProductService product: ProductRequest(name=Dark souls 1, description=Best game, price=19.99, manufacturer=From Software, category=Electronics, region=US)
2025-06-10T08:02:15.658-06:00  INFO 14956 --- [product-api-backend-springboot] [main] c.e.p.p.s.commands.CreateProductService  : Executing class com.example.product_api_backend_springboot.product.services.commands.CreateProductService product: ProductRequest(name=Dark souls 1, description=Best game, price=19.99, manufacturer=From Software, category=Electronics, region=US)
2025-06-10T08:02:15.662-06:00 ERROR 14956 --- [product-api-backend-springboot] [main] c.e.p.p.e.InvalidProductException        : Exception: class com.example.product_api_backend_springboot.product.exceptions.InvalidProductException thrown
2025-06-10T08:02:15.663-06:00  INFO 14956 --- [product-api-backend-springboot] [main] c.e.p.p.s.commands.CreateProductService  : Executing class com.example.product_api_backend_springboot.product.services.commands.CreateProductService product: ProductRequest(name=Dark souls 1, description=Best game, price=19.99, manufacturer=From Software, category=Electronics, region=US)
2025-06-10T08:02:15.668-06:00  INFO 14956 --- [product-api-backend-springboot] [main] c.e.p.p.s.commands.CreateProductService  : Executing class com.example.product_api_backend_springboot.product.services.commands.CreateProductService product: ProductRequest(name=Dark souls 1, description=Best game, price=19.99, manufacturer=From Software, category=Electronics, region=US)
2025-06-10T08:02:15.710-06:00 ERROR 14956 --- [product-api-backend-springboot] [main] c.e.p.p.e.InvalidProductException        : Exception: class com.example.product_api_backend_springboot.product.exceptions.InvalidProductException thrown
2025-06-10T08:02:15.715-06:00 ERROR 14956 --- [product-api-backend-springboot] [main] c.e.p.p.e.InvalidProductException        : Exception: class com.example.product_api_backend_springboot.product.exceptions.InvalidProductException thrown
2025-06-10T08:02:15.718-06:00 ERROR 14956 --- [product-api-backend-springboot] [main] c.e.p.p.e.InvalidProductException        : Exception: class com.example.product_api_backend_springboot.product.exceptions.InvalidProductException thrown
2025-06-10T08:02:15.721-06:00 ERROR 14956 --- [product-api-backend-springboot] [main] c.e.p.p.e.InvalidProductException        : Exception: class com.example.product_api_backend_springboot.product.exceptions.InvalidProductException thrown
2025-06-10T08:02:15.726-06:00 ERROR 14956 --- [product-api-backend-springboot] [main] c.e.p.p.e.InvalidProductException        : Exception: class com.example.product_api_backend_springboot.product.exceptions.InvalidProductException thrown
2025-06-10T08:02:15.729-06:00 ERROR 14956 --- [product-api-backend-springboot] [main] c.e.p.p.e.InvalidProductException        : Exception: class com.example.product_api_backend_springboot.product.exceptions.InvalidProductException thrown
2025-06-10T08:02:15.732-06:00 ERROR 14956 --- [product-api-backend-springboot] [main] c.e.p.p.e.InvalidProductException        : Exception: class com.example.product_api_backend_springboot.product.exceptions.InvalidProductException thrown
2025-06-10T08:02:15.736-06:00  INFO 14956 --- [product-api-backend-springboot] [main] c.e.p.p.s.queries.GetProductService      : Executing class com.example.product_api_backend_springboot.product.services.queries.GetProductServiceinput: 1
2025-06-10T08:02:15.738-06:00  INFO 14956 --- [product-api-backend-springboot] [main] c.e.p.p.s.queries.GetProductService      : Executing class com.example.product_api_backend_springboot.product.services.queries.GetProductServiceinput: 1
2025-06-10T08:02:15.739-06:00 ERROR 14956 --- [product-api-backend-springboot] [main] c.e.p.p.e.ProductNotFoundException       : Exception class com.example.product_api_backend_springboot.product.exceptions.ProductNotFoundException thrown
2025-06-10T08:02:15.744-06:00  INFO 14956 --- [product-api-backend-springboot] [main] c.e.p.p.s.q.GetProductsBySearchService   : GetProductsBySearchService query: GetProductsQuery(region=null, category=null, nameOrDescription=null, productSortBy=null)
2025-06-10T08:02:15.749-06:00  INFO 14956 --- [product-api-backend-springboot] [main] c.e.p.p.s.q.GetProductsBySearchService   : GetProductsBySearchService query: GetProductsQuery(region=null, category=null, nameOrDescription=null, productSortBy=null)
2025-06-10T08:02:15.760-06:00  INFO 14956 --- [product-api-backend-springboot] [main] c.e.p.c.s.queries.GetCategoriesService   : Executing class com.example.product_api_backend_springboot.category.services.queries.GetCategoriesService
2025-06-10T08:02:15.763-06:00  INFO 14956 --- [product-api-backend-springboot] [main] c.e.p.c.s.queries.GetCategoriesService   : Executing class com.example.product_api_backend_springboot.category.services.queries.GetCategoriesService
2025-06-10T08:02:15.767-06:00  INFO 14956 --- [product-api-backend-springboot] [main] c.e.p.p.s.queries.GetProductsService     : Executing class com.example.product_api_backend_springboot.product.services.queries.GetProductsService
2025-06-10T08:02:15.771-06:00  INFO 14956 --- [product-api-backend-springboot] [main] c.e.p.p.s.queries.GetProductsService     : Executing class com.example.product_api_backend_springboot.product.services.queries.GetProductsService
2025-06-10T08:02:15.780-06:00  INFO 14956 --- [product-api-backend-springboot] [SpringApplicationShutdownHook] j.LocalContainerEntityManagerFactoryBean : Closing JPA EntityManagerFactory for persistence unit 'default'
2025-06-10T08:02:15.783-06:00  INFO 14956 --- [product-api-backend-springboot] [SpringApplicationShutdownHook] com.zaxxer.hikari.HikariDataSource       : HikariPool-1 - Shutdown initiated...
2025-06-10T08:02:15.795-06:00  INFO 14956 --- [product-api-backend-springboot] [SpringApplicationShutdownHook] com.zaxxer.hikari.HikariDataSource       : HikariPool-1 - Shutdown completed.
